[
  {
    "package": "jsonld",
    "error": "200, message='Attempt to decode JSON with unexpected mimetype: application/octet-stream', url='https://registry.npmjs.org/jsonld'",
    "timestamp": "2025-02-26T09:09:14.937496",
    "batch_number": 93
  },
  {
    "package": "forever-monitor",
    "error": "200, message='Attempt to decode JSON with unexpected mimetype: application/octet-stream', url='https://registry.npmjs.org/forever-monitor'",
    "timestamp": "2025-02-26T09:09:21.950603",
    "batch_number": 94
  },
  {
    "package": "inline-css",
    "error": "200, message='Attempt to decode JSON with unexpected mimetype: application/octet-stream', url='https://registry.npmjs.org/inline-css'",
    "timestamp": "2025-02-26T09:17:07.949314",
    "batch_number": 143
  },
  {
    "package": "modernizr",
    "error": "200, message='Attempt to decode JSON with unexpected mimetype: application/octet-stream', url='https://registry.npmjs.org/modernizr'",
    "timestamp": "2025-02-26T09:17:08.203493",
    "batch_number": 143
  },
  {
    "package": "redux-immutable-state-invariant",
    "error": "200, message='Attempt to decode JSON with unexpected mimetype: application/octet-stream', url='https://registry.npmjs.org/redux-immutable-state-invariant'",
    "timestamp": "2025-02-26T09:25:55.323759",
    "batch_number": 198
  }
]