[
  {
    "package": "md5-hex",
    "error": "'weekly_trends'",
    "timestamp": "2025-02-24T15:00:04.175599",
    "batch_number": 68
  },
  {
    "package": "m3u8-parser",
    "error": "'weekly_trends'",
    "timestamp": "2025-02-24T15:47:53.314807",
    "batch_number": 168
  },
  {
    "package": "@adobe/css-tools",
    "error": "'weekly_trends'",
    "timestamp": "2025-02-24T15:47:53.317026",
    "batch_number": 168
  },
  {
    "package": "buffer-es6",
    "error": "'weekly_trends'",
    "timestamp": "2025-02-24T15:47:53.318260",
    "batch_number": 168
  },
  {
    "package": "spawndamnit",
    "error": "'weekly_trends'",
    "timestamp": "2025-02-24T15:47:54.314497",
    "batch_number": 168
  },
  {
    "package": "@lerna/project",
    "error": "'weekly_trends'",
    "timestamp": "2025-02-24T15:47:54.315728",
    "batch_number": 168
  },
  {
    "package": "@mswjs/data",
    "error": "'weekly_trends'",
    "timestamp": "2025-02-24T15:47:54.317970",
    "batch_number": 168
  },
  {
    "package": "@storybook/theming",
    "error": "'weekly_trends'",
    "timestamp": "2025-02-24T15:47:54.319255",
    "batch_number": 168
  },
  {
    "package": "synp",
    "error": "'weekly_trends'",
    "timestamp": "2025-02-24T15:47:54.342938",
    "batch_number": 168
  },
  {
    "package": "@mongodb-js/mongodb-constants",
    "error": "'weekly_trends'",
    "timestamp": "2025-02-24T15:47:54.343322",
    "batch_number": 168
  }
]