[
  {
    "package": "@contenthook/node",
    "error": "Failed to fetch package info: 404",
    "timestamp": "2025-02-20T11:18:34.594070"
  },
  {
    "package": "contenthook",
    "error": "Failed to fetch download stats: 404",
    "timestamp": "2025-02-20T11:18:35.881757"
  },
  {
    "package": "@contenthook/browser",
    "error": "Failed to fetch package info: 404",
    "timestamp": "2025-02-20T11:18:36.614263"
  },
  {
    "package": "@contenthook/cli",
    "error": "Failed to fetch package info: 404",
    "timestamp": "2025-02-20T11:18:46.260448"
  },
  {
    "package": "@deca-ui/react",
    "error": "Failed to fetch package info: 404",
    "timestamp": "2025-02-20T11:25:01.751718"
  },
  {
    "package": "@googleapis/sqladmin",
    "error": "'weekly_trends'",
    "timestamp": "2025-02-20T11:34:19.516036"
  }
]